<?xml version="1.0" encoding="UTF-8"?>
<!-- Generated by org.testng.reporters.JUnitReportReporter -->
<testsuite hostname="DESKTOP-BKVIHK2" failures="0" tests="2" name="com.capstone.AadharCitizen" time="15.412" errors="0" timestamp="2022-10-13T19:40:15 IST" skipped="0">
  <testcase classname="com.capstone.AadharCitizen" name="CitizenCheck" time="11.258"/>
  <system-out/>
  <testcase classname="com.capstone.AadharCitizen" name="ChromeBrowser" time="4.154"/>
  <system-out/>
</testsuite> <!-- com.capstone.AadharCitizen -->
