<?xml version="1.0" encoding="UTF-8"?>
<!-- Generated by org.testng.reporters.JUnitReportReporter -->
<testsuite hostname="DESKTOP-BKVIHK2" failures="0" tests="2" name="com.capstone.AadharRegister" time="14.381" errors="0" timestamp="2022-10-13T19:52:23 IST" skipped="0">
  <testcase classname="com.capstone.AadharRegister" name="ChromeBrowser" time="5.228"/>
  <system-out/>
  <testcase classname="com.capstone.AadharRegister" name="TestHome" time="9.153"/>
  <system-out/>
</testsuite> <!-- com.capstone.AadharRegister -->
