<?xml version="1.0" encoding="UTF-8"?>
<!-- Generated by org.testng.reporters.JUnitReportReporter -->
<testsuite hostname="DESKTOP-BKVIHK2" failures="0" tests="2" name="com.capstone.AadharAdmin" time="17.830" errors="0" timestamp="2022-10-13T19:39:11 IST" skipped="0">
  <testcase classname="com.capstone.AadharAdmin" name="TestHome" time="13.868"/>
  <system-out/>
  <testcase classname="com.capstone.AadharAdmin" name="ChromeBrowser" time="3.962"/>
  <system-out/>
</testsuite> <!-- com.capstone.AadharAdmin -->
